0 info it worked if it ends with ok
1 verbose cli [ '/usr/local/bin/node', '/usr/local/bin/npm', 'publish' ]
2 info using npm@2.11.3
3 info using node@v0.12.7
4 verbose publish [ '.' ]
5 silly cache add args [ '.', null ]
6 verbose cache add spec .
7 silly cache add parsed spec { raw: '.',
7 silly cache add   scope: null,
7 silly cache add   name: null,
7 silly cache add   rawSpec: '.',
7 silly cache add   spec: '/Users/JeanBaptisteMarchetti/Sites/npm_modules/loopback-denormalize',
7 silly cache add   type: 'directory' }
8 verbose addLocalDirectory /Users/JeanBaptisteMarchetti/.npm/loopback-denormalize/0.0.1/package.tgz not in flight; packing
9 verbose tar pack [ '/Users/JeanBaptisteMarchetti/.npm/loopback-denormalize/0.0.1/package.tgz',
9 verbose tar pack   '/Users/JeanBaptisteMarchetti/Sites/npm_modules/loopback-denormalize' ]
10 verbose tarball /Users/JeanBaptisteMarchetti/.npm/loopback-denormalize/0.0.1/package.tgz
11 verbose folder /Users/JeanBaptisteMarchetti/Sites/npm_modules/loopback-denormalize
12 info prepublish loopback-denormalize@0.0.1
13 verbose addLocalTarball adding from inside cache /Users/JeanBaptisteMarchetti/.npm/loopback-denormalize/0.0.1/package.tgz
14 silly cache afterAdd loopback-denormalize@0.0.1
15 verbose afterAdd /Users/JeanBaptisteMarchetti/.npm/loopback-denormalize/0.0.1/package/package.json not in flight; writing
16 verbose afterAdd /Users/JeanBaptisteMarchetti/.npm/loopback-denormalize/0.0.1/package/package.json written
17 silly publish { name: 'loopback-denormalize',
17 silly publish   version: '0.0.1',
17 silly publish   description: 'Module for denormalizing association attributes in loopback mongodb models ',
17 silly publish   main: 'index.js',
17 silly publish   scripts: { test: 'echo "Error: no test specified" && exit 1' },
17 silly publish   repository:
17 silly publish    { type: 'git',
17 silly publish      url: 'https://github.com/jbmarchetti/loopback-denormalize.git' },
17 silly publish   keywords: [ 'loopback', 'mongodb', 'nodeJs' ],
17 silly publish   author: { name: 'Jean Baptiste Marchetti' },
17 silly publish   license: 'ISC',
17 silly publish   bugs: { url: 'https://github.com/jbmarchetti/loopback-denormalize/issues' },
17 silly publish   homepage: 'https://github.com/jbmarchetti/loopback-denormalize',
17 silly publish   readme: '# loopback-denormalize\nModule for denormalizing association attributes in loopback mongodb models\n',
17 silly publish   readmeFilename: 'README.md',
17 silly publish   gitHead: 'd78dbe4d3929929c7afe45860902234c7c953304',
17 silly publish   _id: 'loopback-denormalize@0.0.1',
17 silly publish   _shasum: 'c9a7f9a45786d74a7d894b95c23cc830f61f365e',
17 silly publish   _from: '.' }
18 verbose getPublishConfig undefined
19 silly mapToRegistry name loopback-denormalize
20 silly mapToRegistry using default registry
21 silly mapToRegistry registry https://registry.npmjs.org/
22 silly mapToRegistry uri https://registry.npmjs.org/loopback-denormalize
23 verbose publish registryBase https://registry.npmjs.org/
24 silly publish uploading /Users/JeanBaptisteMarchetti/.npm/loopback-denormalize/0.0.1/package.tgz
25 verbose request uri https://registry.npmjs.org/loopback-denormalize
26 verbose request sending authorization for write operation
27 info attempt registry request try #1 at 09:27:43
28 verbose request using bearer token for auth
29 verbose request id 852c97479f6c49c0
30 http request PUT https://registry.npmjs.org/loopback-denormalize
31 http 403 https://registry.npmjs.org/loopback-denormalize
32 verbose headers { 'content-type': 'application/json',
32 verbose headers   'cache-control': 'max-age=60',
32 verbose headers   'content-length': '95',
32 verbose headers   'accept-ranges': 'bytes',
32 verbose headers   date: 'Wed, 23 Sep 2015 07:27:44 GMT',
32 verbose headers   via: '1.1 varnish',
32 verbose headers   connection: 'keep-alive',
32 verbose headers   'x-served-by': 'cache-fra1222-FRA',
32 verbose headers   'x-cache': 'MISS',
32 verbose headers   'x-cache-hits': '0',
32 verbose headers   'x-timer': 'S1442993263.612004,VS0,VE1059' }
33 verbose request invalidating /Users/JeanBaptisteMarchetti/.npm/registry.npmjs.org/loopback-denormalize on PUT
34 error publish Failed PUT 403
35 verbose stack Error: "You cannot publish over the previously published version 0.0.1." : loopback-denormalize
35 verbose stack     at CachingRegistryClient.<anonymous> (/usr/local/lib/node_modules/npm/node_modules/npm-registry-client/lib/request.js:247:14)
35 verbose stack     at Request._callback (/usr/local/lib/node_modules/npm/node_modules/npm-registry-client/lib/request.js:170:14)
35 verbose stack     at Request.self.callback (/usr/local/lib/node_modules/npm/node_modules/request/request.js:354:22)
35 verbose stack     at Request.emit (events.js:110:17)
35 verbose stack     at Request.<anonymous> (/usr/local/lib/node_modules/npm/node_modules/request/request.js:1207:14)
35 verbose stack     at Request.emit (events.js:129:20)
35 verbose stack     at IncomingMessage.<anonymous> (/usr/local/lib/node_modules/npm/node_modules/request/request.js:1153:12)
35 verbose stack     at IncomingMessage.emit (events.js:129:20)
35 verbose stack     at _stream_readable.js:908:16
35 verbose stack     at process._tickCallback (node.js:355:11)
36 verbose statusCode 403
37 verbose pkgid loopback-denormalize
38 verbose cwd /Users/JeanBaptisteMarchetti/Sites/npm_modules/loopback-denormalize
39 error Darwin 14.5.0
40 error argv "/usr/local/bin/node" "/usr/local/bin/npm" "publish"
41 error node v0.12.7
42 error npm  v2.11.3
43 error code E403
44 error "You cannot publish over the previously published version 0.0.1." : loopback-denormalize
45 error If you need help, you may report this error at:
45 error     <https://github.com/npm/npm/issues>
46 verbose exit [ 1, true ]
